   Qt/MSBuild: 3.3.1.1
   Qt: 6.6.3
  LogViewer.cpp
D:\Jacob\Code\LogReader\LogReader\LogReader\LogViewer.cpp(1,1): warning C4828: 文件包含在偏移 0x305 处开始的字符，该字符在当前源字符集中无效(代码页 65001)。
D:\Jacob\Code\LogReader\LogReader\LogReader\LogViewer.cpp(1,1): warning C4828: 文件包含在偏移 0x306 处开始的字符，该字符在当前源字符集中无效(代码页 65001)。
D:\Jacob\Code\LogReader\LogReader\LogReader\LogViewer.cpp(1,1): warning C4828: 文件包含在偏移 0x30b 处开始的字符，该字符在当前源字符集中无效(代码页 65001)。
D:\Jacob\Code\LogReader\LogReader\LogReader\LogViewer.cpp(1,1): warning C4828: 文件包含在偏移 0x30c 处开始的字符，该字符在当前源字符集中无效(代码页 65001)。
D:\Jacob\Code\LogReader\LogReader\LogReader\LogViewer.cpp(1,1): warning C4828: 文件包含在偏移 0x3c9 处开始的字符，该字符在当前源字符集中无效(代码页 65001)。
D:\Jacob\Code\LogReader\LogReader\LogReader\LogViewer.cpp(1,1): warning C4828: 文件包含在偏移 0x3ca 处开始的字符，该字符在当前源字符集中无效(代码页 65001)。
D:\Jacob\Code\LogReader\LogReader\LogReader\LogViewer.cpp(1,1): warning C4828: 文件包含在偏移 0x3cf 处开始的字符，该字符在当前源字符集中无效(代码页 65001)。
D:\Jacob\Code\LogReader\LogReader\LogReader\LogViewer.cpp(1,1): warning C4828: 文件包含在偏移 0x3d1 处开始的字符，该字符在当前源字符集中无效(代码页 65001)。
D:\Jacob\Code\LogReader\LogReader\LogReader\LogViewer.cpp(1,1): warning C4828: 文件包含在偏移 0x3d2 处开始的字符，该字符在当前源字符集中无效(代码页 65001)。
D:\Jacob\Code\LogReader\LogReader\LogReader\LogViewer.cpp(1,1): warning C4828: 文件包含在偏移 0x3d7 处开始的字符，该字符在当前源字符集中无效(代码页 65001)。
D:\Jacob\Code\LogReader\LogReader\LogReader\LogViewer.cpp(1,1): warning C4828: 文件包含在偏移 0x3d9 处开始的字符，该字符在当前源字符集中无效(代码页 65001)。
D:\Jacob\Code\LogReader\LogReader\LogReader\LogViewer.cpp(1,1): warning C4828: 文件包含在偏移 0x581 处开始的字符，该字符在当前源字符集中无效(代码页 65001)。
D:\Jacob\Code\LogReader\LogReader\LogReader\LogViewer.cpp(1,1): warning C4828: 文件包含在偏移 0x64a 处开始的字符，该字符在当前源字符集中无效(代码页 65001)。
D:\Jacob\Code\LogReader\LogReader\LogReader\LogViewer.cpp(1,1): warning C4828: 文件包含在偏移 0x64c 处开始的字符，该字符在当前源字符集中无效(代码页 65001)。
D:\Jacob\Code\LogReader\LogReader\LogReader\LogViewer.cpp(1,1): warning C4828: 文件包含在偏移 0x64e 处开始的字符，该字符在当前源字符集中无效(代码页 65001)。
D:\Jacob\Code\LogReader\LogReader\LogReader\LogViewer.cpp(1,1): warning C4828: 文件包含在偏移 0x79e 处开始的字符，该字符在当前源字符集中无效(代码页 65001)。
D:\Jacob\Code\LogReader\LogReader\LogReader\LogViewer.cpp(1,1): warning C4828: 文件包含在偏移 0x79f 处开始的字符，该字符在当前源字符集中无效(代码页 65001)。
D:\Jacob\Code\LogReader\LogReader\LogReader\LogViewer.cpp(1,1): warning C4828: 文件包含在偏移 0x7a2 处开始的字符，该字符在当前源字符集中无效(代码页 65001)。
D:\Jacob\Code\LogReader\LogReader\LogReader\LogViewer.cpp(1,1): warning C4828: 文件包含在偏移 0x9d9 处开始的字符，该字符在当前源字符集中无效(代码页 65001)。
D:\Jacob\Code\LogReader\LogReader\LogReader\LogViewer.cpp(1,1): warning C4828: 文件包含在偏移 0x9da 处开始的字符，该字符在当前源字符集中无效(代码页 65001)。
D:\Jacob\Code\LogReader\LogReader\LogReader\LogViewer.cpp(1,1): warning C4828: 文件包含在偏移 0x9db 处开始的字符，该字符在当前源字符集中无效(代码页 65001)。
D:\Jacob\Code\LogReader\LogReader\LogReader\LogViewer.cpp(1,1): warning C4828: 文件包含在偏移 0x9dc 处开始的字符，该字符在当前源字符集中无效(代码页 65001)。
D:\Jacob\Code\LogReader\LogReader\LogReader\LogViewer.cpp(1,1): warning C4828: 文件包含在偏移 0x9e0 处开始的字符，该字符在当前源字符集中无效(代码页 65001)。
D:\Jacob\Code\LogReader\LogReader\LogReader\LogViewer.cpp(1,1): warning C4828: 文件包含在偏移 0xaeb 处开始的字符，该字符在当前源字符集中无效(代码页 65001)。
D:\Jacob\Code\LogReader\LogReader\LogReader\LogViewer.cpp(1,1): warning C4828: 文件包含在偏移 0xaed 处开始的字符，该字符在当前源字符集中无效(代码页 65001)。
D:\Jacob\Code\LogReader\LogReader\LogReader\LogViewer.cpp(1,1): warning C4828: 文件包含在偏移 0xaee 处开始的字符，该字符在当前源字符集中无效(代码页 65001)。
D:\Jacob\Code\LogReader\LogReader\LogReader\LogViewer.cpp(1,1): warning C4828: 文件包含在偏移 0xaef 处开始的字符，该字符在当前源字符集中无效(代码页 65001)。
D:\Jacob\Code\LogReader\LogReader\LogReader\LogViewer.cpp(1,1): warning C4828: 文件包含在偏移 0xaf0 处开始的字符，该字符在当前源字符集中无效(代码页 65001)。
D:\Jacob\Code\LogReader\LogReader\LogReader\LogViewer.cpp(1,1): warning C4828: 文件包含在偏移 0xaf4 处开始的字符，该字符在当前源字符集中无效(代码页 65001)。
D:\Jacob\Code\LogReader\LogReader\LogReader\LogViewer.cpp(1,1): warning C4828: 文件包含在偏移 0xaf5 处开始的字符，该字符在当前源字符集中无效(代码页 65001)。
D:\Jacob\Code\LogReader\LogReader\LogReader\LogViewer.cpp(1,1): warning C4828: 文件包含在偏移 0xaf8 处开始的字符，该字符在当前源字符集中无效(代码页 65001)。
D:\Jacob\Code\LogReader\LogReader\LogReader\LogViewer.cpp(1,1): warning C4828: 文件包含在偏移 0xc56 处开始的字符，该字符在当前源字符集中无效(代码页 65001)。
D:\Jacob\Code\LogReader\LogReader\LogReader\LogViewer.cpp(1,1): warning C4828: 文件包含在偏移 0xc57 处开始的字符，该字符在当前源字符集中无效(代码页 65001)。
D:\Jacob\Code\LogReader\LogReader\LogReader\LogViewer.cpp(1,1): warning C4828: 文件包含在偏移 0xc5e 处开始的字符，该字符在当前源字符集中无效(代码页 65001)。
D:\Jacob\Code\LogReader\LogReader\LogReader\LogViewer.cpp(1,1): warning C4828: 文件包含在偏移 0xc5f 处开始的字符，该字符在当前源字符集中无效(代码页 65001)。
D:\Jacob\Code\LogReader\LogReader\LogReader\LogViewer.cpp(1,1): warning C4828: 文件包含在偏移 0xc60 处开始的字符，该字符在当前源字符集中无效(代码页 65001)。
D:\Jacob\Code\LogReader\LogReader\LogReader\LogViewer.cpp(1,1): warning C4828: 文件包含在偏移 0xc62 处开始的字符，该字符在当前源字符集中无效(代码页 65001)。
D:\Jacob\Code\LogReader\LogReader\LogReader\LogViewer.cpp(1,1): warning C4828: 文件包含在偏移 0xc64 处开始的字符，该字符在当前源字符集中无效(代码页 65001)。
D:\Jacob\Code\LogReader\LogReader\LogReader\LogViewer.cpp(1,1): warning C4828: 文件包含在偏移 0xc68 处开始的字符，该字符在当前源字符集中无效(代码页 65001)。
D:\Jacob\Code\LogReader\LogReader\LogReader\LogViewer.cpp(1,1): warning C4828: 文件包含在偏移 0xc69 处开始的字符，该字符在当前源字符集中无效(代码页 65001)。
D:\Jacob\Code\LogReader\LogReader\LogReader\LogViewer.cpp(1,1): warning C4828: 文件包含在偏移 0xc6b 处开始的字符，该字符在当前源字符集中无效(代码页 65001)。
D:\Jacob\Code\LogReader\LogReader\LogReader\LogViewer.cpp(1,1): warning C4828: 文件包含在偏移 0xc6c 处开始的字符，该字符在当前源字符集中无效(代码页 65001)。
D:\Jacob\Code\LogReader\LogReader\LogReader\LogViewer.cpp(1,1): warning C4828: 文件包含在偏移 0xc6d 处开始的字符，该字符在当前源字符集中无效(代码页 65001)。
D:\Jacob\Code\LogReader\LogReader\LogReader\LogViewer.cpp(1,1): warning C4828: 文件包含在偏移 0xcdf 处开始的字符，该字符在当前源字符集中无效(代码页 65001)。
D:\Jacob\Code\LogReader\LogReader\LogReader\LogViewer.cpp(1,1): warning C4828: 文件包含在偏移 0xce1 处开始的字符，该字符在当前源字符集中无效(代码页 65001)。
D:\Jacob\Code\LogReader\LogReader\LogReader\LogViewer.cpp(1,1): warning C4828: 文件包含在偏移 0xce4 处开始的字符，该字符在当前源字符集中无效(代码页 65001)。
D:\Jacob\Code\LogReader\LogReader\LogReader\LogViewer.cpp(1,1): warning C4828: 文件包含在偏移 0xce5 处开始的字符，该字符在当前源字符集中无效(代码页 65001)。
D:\Jacob\Code\LogReader\LogReader\LogReader\LogViewer.cpp(1,1): warning C4828: 文件包含在偏移 0xce6 处开始的字符，该字符在当前源字符集中无效(代码页 65001)。
D:\Jacob\Code\LogReader\LogReader\LogReader\LogViewer.cpp(1,1): warning C4828: 文件包含在偏移 0x10d1 处开始的字符，该字符在当前源字符集中无效(代码页 65001)。
D:\Jacob\Code\LogReader\LogReader\LogReader\LogViewer.cpp(1,1): warning C4828: 文件包含在偏移 0x10d2 处开始的字符，该字符在当前源字符集中无效(代码页 65001)。
D:\Jacob\Code\LogReader\LogReader\LogReader\LogViewer.cpp(1,1): warning C4828: 文件包含在偏移 0x10d7 处开始的字符，该字符在当前源字符集中无效(代码页 65001)。
D:\Jacob\Code\LogReader\LogReader\LogReader\LogViewer.cpp(1,1): warning C4828: 文件包含在偏移 0x10d8 处开始的字符，该字符在当前源字符集中无效(代码页 65001)。
D:\Jacob\Code\LogReader\LogReader\LogReader\LogViewer.cpp(1,1): warning C4828: 文件包含在偏移 0x10db 处开始的字符，该字符在当前源字符集中无效(代码页 65001)。
D:\Jacob\Code\LogReader\LogReader\LogReader\LogViewer.cpp(1,1): warning C4828: 文件包含在偏移 0x10dc 处开始的字符，该字符在当前源字符集中无效(代码页 65001)。
D:\Jacob\Code\LogReader\LogReader\LogReader\LogViewer.cpp(1,1): warning C4828: 文件包含在偏移 0x10dd 处开始的字符，该字符在当前源字符集中无效(代码页 65001)。
D:\Jacob\Code\LogReader\LogReader\LogReader\LogViewer.cpp(1,1): warning C4828: 文件包含在偏移 0x10de 处开始的字符，该字符在当前源字符集中无效(代码页 65001)。
D:\Jacob\Code\LogReader\LogReader\LogReader\LogViewer.cpp(1,1): warning C4828: 文件包含在偏移 0x10df 处开始的字符，该字符在当前源字符集中无效(代码页 65001)。
D:\Jacob\Code\LogReader\LogReader\LogReader\LogViewer.cpp(1,1): warning C4828: 文件包含在偏移 0x10e0 处开始的字符，该字符在当前源字符集中无效(代码页 65001)。
D:\Jacob\Code\LogReader\LogReader\LogReader\LogViewer.cpp(1,1): warning C4828: 文件包含在偏移 0x10e2 处开始的字符，该字符在当前源字符集中无效(代码页 65001)。
D:\Jacob\Code\LogReader\LogReader\LogReader\LogViewer.cpp(1,1): warning C4828: 文件包含在偏移 0x10e3 处开始的字符，该字符在当前源字符集中无效(代码页 65001)。
D:\Jacob\Code\LogReader\LogReader\LogReader\LogViewer.cpp(1,1): warning C4828: 文件包含在偏移 0x10e5 处开始的字符，该字符在当前源字符集中无效(代码页 65001)。
D:\Jacob\Code\LogReader\LogReader\LogReader\LogViewer.cpp(1,1): warning C4828: 文件包含在偏移 0x10e6 处开始的字符，该字符在当前源字符集中无效(代码页 65001)。
D:\Jacob\Code\LogReader\LogReader\LogReader\LogViewer.cpp(1,1): warning C4828: 文件包含在偏移 0x10ea 处开始的字符，该字符在当前源字符集中无效(代码页 65001)。
D:\Jacob\Code\LogReader\LogReader\LogReader\LogViewer.cpp(1,1): warning C4828: 文件包含在偏移 0x1157 处开始的字符，该字符在当前源字符集中无效(代码页 65001)。
D:\Jacob\Code\LogReader\LogReader\LogReader\LogViewer.cpp(1,1): warning C4828: 文件包含在偏移 0x1158 处开始的字符，该字符在当前源字符集中无效(代码页 65001)。
D:\Jacob\Code\LogReader\LogReader\LogReader\LogViewer.cpp(1,1): warning C4828: 文件包含在偏移 0x115b 处开始的字符，该字符在当前源字符集中无效(代码页 65001)。
D:\Jacob\Code\LogReader\LogReader\LogReader\LogViewer.cpp(1,1): warning C4828: 文件包含在偏移 0x115d 处开始的字符，该字符在当前源字符集中无效(代码页 65001)。
D:\Jacob\Code\LogReader\LogReader\LogReader\LogViewer.cpp(1,1): warning C4828: 文件包含在偏移 0x1160 处开始的字符，该字符在当前源字符集中无效(代码页 65001)。
D:\Jacob\Code\LogReader\LogReader\LogReader\LogViewer.cpp(1,1): warning C4828: 文件包含在偏移 0x11f2 处开始的字符，该字符在当前源字符集中无效(代码页 65001)。
D:\Jacob\Code\LogReader\LogReader\LogReader\LogViewer.cpp(1,1): warning C4828: 文件包含在偏移 0x11f4 处开始的字符，该字符在当前源字符集中无效(代码页 65001)。
D:\Jacob\Code\LogReader\LogReader\LogReader\LogViewer.cpp(1,1): warning C4828: 文件包含在偏移 0x11f7 处开始的字符，该字符在当前源字符集中无效(代码页 65001)。
D:\Jacob\Code\LogReader\LogReader\LogReader\LogViewer.cpp(1,1): warning C4828: 文件包含在偏移 0x11fa 处开始的字符，该字符在当前源字符集中无效(代码页 65001)。
D:\Jacob\Code\LogReader\LogReader\LogReader\LogViewer.cpp(1,1): warning C4828: 文件包含在偏移 0x11fe 处开始的字符，该字符在当前源字符集中无效(代码页 65001)。
D:\Jacob\Code\LogReader\LogReader\LogReader\LogViewer.cpp(1,1): warning C4828: 文件包含在偏移 0x11ff 处开始的字符，该字符在当前源字符集中无效(代码页 65001)。
D:\Jacob\Code\LogReader\LogReader\LogReader\LogViewer.cpp(1,1): warning C4828: 文件包含在偏移 0x1238 处开始的字符，该字符在当前源字符集中无效(代码页 65001)。
D:\Jacob\Code\LogReader\LogReader\LogReader\LogViewer.cpp(1,1): warning C4828: 文件包含在偏移 0x1239 处开始的字符，该字符在当前源字符集中无效(代码页 65001)。
D:\Jacob\Code\LogReader\LogReader\LogReader\LogViewer.cpp(1,1): warning C4828: 文件包含在偏移 0x123a 处开始的字符，该字符在当前源字符集中无效(代码页 65001)。
D:\Jacob\Code\LogReader\LogReader\LogReader\LogViewer.cpp(1,1): warning C4828: 文件包含在偏移 0x123c 处开始的字符，该字符在当前源字符集中无效(代码页 65001)。
D:\Jacob\Code\LogReader\LogReader\LogReader\LogViewer.cpp(1,1): warning C4828: 文件包含在偏移 0x123d 处开始的字符，该字符在当前源字符集中无效(代码页 65001)。
D:\Jacob\Code\LogReader\LogReader\LogReader\LogViewer.cpp(1,1): warning C4828: 文件包含在偏移 0x131c 处开始的字符，该字符在当前源字符集中无效(代码页 65001)。
D:\Jacob\Code\LogReader\LogReader\LogReader\LogViewer.cpp(1,1): warning C4828: 文件包含在偏移 0x131e 处开始的字符，该字符在当前源字符集中无效(代码页 65001)。
D:\Jacob\Code\LogReader\LogReader\LogReader\LogViewer.cpp(1,1): warning C4828: 文件包含在偏移 0x131f 处开始的字符，该字符在当前源字符集中无效(代码页 65001)。
D:\Jacob\Code\LogReader\LogReader\LogReader\LogViewer.cpp(1,1): warning C4828: 文件包含在偏移 0x1320 处开始的字符，该字符在当前源字符集中无效(代码页 65001)。
D:\Jacob\Code\LogReader\LogReader\LogReader\LogViewer.cpp(1,1): warning C4828: 文件包含在偏移 0x1321 处开始的字符，该字符在当前源字符集中无效(代码页 65001)。
D:\Jacob\Code\LogReader\LogReader\LogReader\LogViewer.cpp(1,1): warning C4828: 文件包含在偏移 0x1325 处开始的字符，该字符在当前源字符集中无效(代码页 65001)。
D:\Jacob\Code\LogReader\LogReader\LogReader\LogViewer.cpp(1,1): warning C4828: 文件包含在偏移 0x1326 处开始的字符，该字符在当前源字符集中无效(代码页 65001)。
D:\Jacob\Code\LogReader\LogReader\LogReader\LogViewer.cpp(1,1): warning C4828: 文件包含在偏移 0x1329 处开始的字符，该字符在当前源字符集中无效(代码页 65001)。
D:\Jacob\Code\LogReader\LogReader\LogReader\LogViewer.cpp(1,1): warning C4828: 文件包含在偏移 0x14d1 处开始的字符，该字符在当前源字符集中无效(代码页 65001)。
D:\Jacob\Code\LogReader\LogReader\LogReader\LogViewer.cpp(1,1): warning C4828: 文件包含在偏移 0x14d3 处开始的字符，该字符在当前源字符集中无效(代码页 65001)。
D:\Jacob\Code\LogReader\LogReader\LogReader\LogViewer.cpp(1,1): warning C4828: 文件包含在偏移 0x14d6 处开始的字符，该字符在当前源字符集中无效(代码页 65001)。
D:\Jacob\Code\LogReader\LogReader\LogReader\LogViewer.cpp(1,1): warning C4828: 文件包含在偏移 0x14d9 处开始的字符，该字符在当前源字符集中无效(代码页 65001)。
D:\Jacob\Code\LogReader\LogReader\LogReader\LogViewer.cpp(1,1): warning C4828: 文件包含在偏移 0x1564 处开始的字符，该字符在当前源字符集中无效(代码页 65001)。
D:\Jacob\Code\LogReader\LogReader\LogReader\LogViewer.cpp(1,1): warning C4828: 文件包含在偏移 0x1565 处开始的字符，该字符在当前源字符集中无效(代码页 65001)。
D:\Jacob\Code\LogReader\LogReader\LogReader\LogViewer.cpp(1,1): warning C4828: 文件包含在偏移 0x156a 处开始的字符，该字符在当前源字符集中无效(代码页 65001)。
D:\Jacob\Code\LogReader\LogReader\LogReader\LogViewer.cpp(1,1): warning C4828: 文件包含在偏移 0x156b 处开始的字符，该字符在当前源字符集中无效(代码页 65001)。
D:\Jacob\Code\LogReader\LogReader\LogReader\LogViewer.cpp(1,1): warning C4828: 文件包含在偏移 0x159e 处开始的字符，该字符在当前源字符集中无效(代码页 65001)。
D:\Jacob\Code\LogReader\LogReader\LogReader\LogViewer.cpp(1,1): warning C4828: 文件包含在偏移 0x159f 处开始的字符，该字符在当前源字符集中无效(代码页 65001)。
D:\Jacob\Code\LogReader\LogReader\LogReader\LogViewer.cpp(1,1): warning C4828: 文件包含在偏移 0x15a0 处开始的字符，该字符在当前源字符集中无效(代码页 65001)。
D:\Jacob\Code\LogReader\LogReader\LogReader\LogViewer.cpp(1,1): warning C4828: 文件包含在偏移 0x15a2 处开始的字符，该字符在当前源字符集中无效(代码页 65001)。
D:\Jacob\Code\LogReader\LogReader\LogReader\LogViewer.cpp(1,1): warning C4828: 文件包含在偏移 0x15a3 处开始的字符，该字符在当前源字符集中无效(代码页 65001)。
D:\Jacob\Code\LogReader\LogReader\LogReader\LogViewer.cpp(1,1): warning C4828: 文件包含在偏移 0x16d0 处开始的字符，该字符在当前源字符集中无效(代码页 65001)。
D:\Jacob\Code\LogReader\LogReader\LogReader\LogViewer.cpp(1,1): warning C4828: 文件包含在偏移 0x16d1 处开始的字符，该字符在当前源字符集中无效(代码页 65001)。
D:\Jacob\Code\LogReader\LogReader\LogReader\LogViewer.cpp(1,1): warning C4828: 文件包含在偏移 0x16d3 处开始的字符，该字符在当前源字符集中无效(代码页 65001)。
D:\Jacob\Code\LogReader\LogReader\LogReader\LogViewer.cpp(1,1): warning C4828: 文件包含在偏移 0x16d8 处开始的字符，该字符在当前源字符集中无效(代码页 65001)。
D:\Jacob\Code\LogReader\LogReader\LogReader\LogViewer.cpp(1,1): warning C4828: 文件包含在偏移 0x16d9 处开始的字符，该字符在当前源字符集中无效(代码页 65001)。
D:\Jacob\Code\LogReader\LogReader\LogReader\LogViewer.cpp(1,1): warning C4828: 文件包含在偏移 0x16e1 处开始的字符，该字符在当前源字符集中无效(代码页 65001)。
D:\Jacob\Code\LogReader\LogReader\LogReader\LogViewer.cpp(1,1): warning C4828: 文件包含在偏移 0x16e2 处开始的字符，该字符在当前源字符集中无效(代码页 65001)。
D:\Jacob\Code\LogReader\LogReader\LogReader\LogViewer.cpp(1,1): warning C4828: 文件包含在偏移 0x16e5 处开始的字符，该字符在当前源字符集中无效(代码页 65001)。
D:\Jacob\Code\LogReader\LogReader\LogReader\LogViewer.cpp(1,1): warning C4828: 文件包含在偏移 0x16e7 处开始的字符，该字符在当前源字符集中无效(代码页 65001)。
D:\Jacob\Code\LogReader\LogReader\LogReader\LogViewer.cpp(1,1): warning C4828: 文件包含在偏移 0x1777 处开始的字符，该字符在当前源字符集中无效(代码页 65001)。
D:\Jacob\Code\LogReader\LogReader\LogReader\LogViewer.cpp(1,1): warning C4828: 文件包含在偏移 0x177b 处开始的字符，该字符在当前源字符集中无效(代码页 65001)。
D:\Jacob\Code\LogReader\LogReader\LogReader\LogViewer.cpp(1,1): warning C4828: 文件包含在偏移 0x177c 处开始的字符，该字符在当前源字符集中无效(代码页 65001)。
D:\Jacob\Code\LogReader\LogReader\LogReader\LogViewer.cpp(1,1): warning C4828: 文件包含在偏移 0x17af 处开始的字符，该字符在当前源字符集中无效(代码页 65001)。
D:\Jacob\Code\LogReader\LogReader\LogReader\LogViewer.cpp(1,1): warning C4828: 文件包含在偏移 0x17b1 处开始的字符，该字符在当前源字符集中无效(代码页 65001)。
D:\Jacob\Code\LogReader\LogReader\LogReader\LogViewer.cpp(1,1): warning C4828: 文件包含在偏移 0x17b3 处开始的字符，该字符在当前源字符集中无效(代码页 65001)。
D:\Jacob\Code\LogReader\LogReader\LogReader\LogViewer.cpp(1,1): warning C4828: 文件包含在偏移 0x17b4 处开始的字符，该字符在当前源字符集中无效(代码页 65001)。
D:\Jacob\Code\LogReader\LogReader\LogReader\LogViewer.cpp(1,1): warning C4828: 文件包含在偏移 0x17b5 处开始的字符，该字符在当前源字符集中无效(代码页 65001)。
D:\Jacob\Code\LogReader\LogReader\LogReader\LogViewer.cpp(1,1): warning C4828: 文件包含在偏移 0x17b6 处开始的字符，该字符在当前源字符集中无效(代码页 65001)。
D:\Jacob\Code\LogReader\LogReader\LogReader\LogViewer.cpp(1,1): warning C4828: 文件包含在偏移 0x1825 处开始的字符，该字符在当前源字符集中无效(代码页 65001)。
D:\Jacob\Code\LogReader\LogReader\LogReader\LogViewer.cpp(1,1): warning C4828: 文件包含在偏移 0x1826 处开始的字符，该字符在当前源字符集中无效(代码页 65001)。
D:\Jacob\Code\LogReader\LogReader\LogReader\LogViewer.cpp(1,1): warning C4828: 文件包含在偏移 0x1827 处开始的字符，该字符在当前源字符集中无效(代码页 65001)。
D:\Jacob\Code\LogReader\LogReader\LogReader\LogViewer.cpp(1,1): warning C4828: 文件包含在偏移 0x1829 处开始的字符，该字符在当前源字符集中无效(代码页 65001)。
D:\Jacob\Code\LogReader\LogReader\LogReader\LogViewer.cpp(1,1): warning C4828: 文件包含在偏移 0x182b 处开始的字符，该字符在当前源字符集中无效(代码页 65001)。
D:\Jacob\Code\LogReader\LogReader\LogReader\LogViewer.cpp(1,1): warning C4828: 文件包含在偏移 0x182c 处开始的字符，该字符在当前源字符集中无效(代码页 65001)。
D:\Jacob\Code\LogReader\LogReader\LogReader\LogViewer.cpp(1,1): warning C4828: 文件包含在偏移 0x182f 处开始的字符，该字符在当前源字符集中无效(代码页 65001)。
D:\Jacob\Code\LogReader\LogReader\LogReader\LogViewer.cpp(1,1): warning C4828: 文件包含在偏移 0x1830 处开始的字符，该字符在当前源字符集中无效(代码页 65001)。
D:\Jacob\Code\LogReader\LogReader\LogReader\LogViewer.cpp(1,1): warning C4828: 文件包含在偏移 0x1833 处开始的字符，该字符在当前源字符集中无效(代码页 65001)。
D:\Jacob\Code\LogReader\LogReader\LogReader\LogViewer.cpp(1,1): warning C4828: 文件包含在偏移 0x1834 处开始的字符，该字符在当前源字符集中无效(代码页 65001)。
  LogReader.vcxproj -> D:\Jacob\Code\LogReader\LogReader\LogReader\x64\Debug\LogReader.exe
